<?xml version="1.0" encoding="UTF-8"?>
<!-- Generated by org.testng.reporters.JUnitReportReporter -->
<testsuite skipped="0" hostname="IBM763-PC0F1EA8" name="com.org.learningMaven.APITest" tests="2" failures="0" timestamp="08 Nov 2018 05:41:58 GMT" time="0.004" errors="0">
  <testcase name="Weblogin" time="0.001" classname="com.org.learningMaven.APITest"/>
  <testcase name="ApiTest" time="0.003" classname="com.org.learningMaven.APITest"/>
</testsuite> <!-- com.org.learningMaven.APITest -->
