<?xml version="1.0" encoding="UTF-8"?>
<!-- Generated by org.testng.reporters.JUnitReportReporter -->
<testsuite skipped="0" hostname="IBM763-PC0F1EA8" name="com.org.learningMaven.AppiumTest" tests="2" failures="0" timestamp="08 Nov 2018 06:03:13 GMT" time="0.000" errors="0">
  <testcase name="ApiUMMTest" time="0.000" classname="com.org.learningMaven.AppiumTest"/>
  <testcase name="IOSApps" time="0.000" classname="com.org.learningMaven.AppiumTest"/>
</testsuite> <!-- com.org.learningMaven.AppiumTest -->
