<?xml version="1.0" encoding="UTF-8"?>
<!-- Generated by org.testng.reporters.JUnitReportReporter -->
<testsuite skipped="0" hostname="IBM763-PC0F1EA8" name="com.org.learningMaven.SeleniumTest" tests="2" failures="0" timestamp="08 Nov 2018 06:03:13 GMT" time="0.020" errors="0">
  <testcase name="elementsUI" time="0.000" classname="com.org.learningMaven.SeleniumTest"/>
  <testcase name="BrowserAutomation" time="0.020" classname="com.org.learningMaven.SeleniumTest"/>
</testsuite> <!-- com.org.learningMaven.SeleniumTest -->
